Started GET "/" for 127.0.0.1 at 2023-07-12 19:32:25 +0300
Processing by Rails::WelcomeController#index as HTML
  Rendering C:/Ruby30-x64/lib/ruby/gems/3.0.0/gems/railties-7.0.6/lib/rails/templates/rails/welcome/index.html.erb
  Rendered C:/Ruby30-x64/lib/ruby/gems/3.0.0/gems/railties-7.0.6/lib/rails/templates/rails/welcome/index.html.erb (Duration: 46.1ms | Allocations: 956)
Completed 200 OK in 260ms (Views: 79.8ms | ActiveRecord: 0.0ms | Allocations: 11159)


Started GET "/" for 127.0.0.1 at 2023-07-12 19:34:28 +0300
  
ActionController::RoutingError (uninitialized constant LinkController):
  
Started GET "/" for 127.0.0.1 at 2023-07-12 19:34:41 +0300
  
ActionController::RoutingError (uninitialized constant LinkController):
  
Started GET "/" for 127.0.0.1 at 2023-07-12 19:35:15 +0300
  
ActionController::RoutingError (uninitialized constant LinkController):
  
Started GET "/" for 127.0.0.1 at 2023-07-12 19:36:20 +0300
  
ActionController::RoutingError (uninitialized constant LinkController):
  
Started GET "/" for 127.0.0.1 at 2023-07-12 19:36:56 +0300
  
ActionController::RoutingError (uninitialized constant LinkController):
  
Started GET "/" for ::1 at 2023-07-12 19:38:20 +0300
  
ActionController::RoutingError (uninitialized constant LinkController):
  
Started GET "/" for ::1 at 2023-07-12 19:41:14 +0300
Processing by Rails::WelcomeController#index as HTML
  Rendering C:/Ruby30-x64/lib/ruby/gems/3.0.0/gems/railties-7.0.6/lib/rails/templates/rails/welcome/index.html.erb
  Rendered C:/Ruby30-x64/lib/ruby/gems/3.0.0/gems/railties-7.0.6/lib/rails/templates/rails/welcome/index.html.erb (Duration: 2.7ms | Allocations: 494)
Completed 200 OK in 116ms (Views: 20.4ms | Allocations: 4425)


Started GET "/" for ::1 at 2023-07-12 19:41:16 +0300
Processing by Rails::WelcomeController#index as HTML
  Rendering C:/Ruby30-x64/lib/ruby/gems/3.0.0/gems/railties-7.0.6/lib/rails/templates/rails/welcome/index.html.erb
  Rendered C:/Ruby30-x64/lib/ruby/gems/3.0.0/gems/railties-7.0.6/lib/rails/templates/rails/welcome/index.html.erb (Duration: 1.4ms | Allocations: 487)
Completed 200 OK in 7ms (Views: 3.6ms | Allocations: 1540)


Started GET "/links" for ::1 at 2023-07-12 19:41:20 +0300
  
ActionController::RoutingError (No route matches [GET] "/links"):
  
Started GET "/links/index" for ::1 at 2023-07-12 19:41:26 +0300
Processing by LinksController#index as HTML
  Rendering layout layouts/application.html.erb
  Rendering links/index.html.erb within layouts/application
  Rendered links/index.html.erb within layouts/application (Duration: 1.0ms | Allocations: 141)
  Rendered layout layouts/application.html.erb (Duration: 821.0ms | Allocations: 105740)
Completed 200 OK in 830ms (Views: 826.9ms | Allocations: 107036)


Started GET "/links/index" for ::1 at 2023-07-12 19:41:46 +0300
  
ArgumentError (Missing :controller key on routes definition, please check your routes.):
  
config/routes.rb:8:in `block in <main>'
config/routes.rb:1:in `<main>'
Started GET "/" for ::1 at 2023-07-12 19:41:49 +0300
  
ActionController::RoutingError (No route matches [GET] "/"):
  
Started GET "/" for ::1 at 2023-07-12 19:42:03 +0300
Processing by LinksController#index as HTML
  Rendering layout layouts/application.html.erb
  Rendering links/index.html.erb within layouts/application
  Rendered links/index.html.erb within layouts/application (Duration: 0.1ms | Allocations: 12)
  Rendered layout layouts/application.html.erb (Duration: 22.5ms | Allocations: 14488)
Completed 200 OK in 26ms (Views: 24.2ms | Allocations: 15363)


Started GET "/" for ::1 at 2023-07-12 19:42:12 +0300
Processing by LinksController#index as HTML
  Rendering layout layouts/application.html.erb
  Rendering links/index.html.erb within layouts/application
  Rendered links/index.html.erb within layouts/application (Duration: 1.0ms | Allocations: 135)
  Rendered layout layouts/application.html.erb (Duration: 8.8ms | Allocations: 3109)
Completed 200 OK in 17ms (Views: 14.7ms | Allocations: 4337)


Started GET "/" for 127.0.0.1 at 2023-07-12 20:28:49 +0300
Processing by LinksController#index as HTML
  Rendering layout layouts/application.html.erb
  Rendering links/index.html.erb within layouts/application
  Rendered links/index.html.erb within layouts/application (Duration: 0.3ms | Allocations: 7)
  Rendered layout layouts/application.html.erb (Duration: 32.1ms | Allocations: 2376)
Completed 200 OK in 47ms (Views: 38.4ms | Allocations: 2722)


Started GET "/" for 127.0.0.1 at 2023-07-12 21:32:26 +0300
Processing by LinksController#index as HTML
  Rendering layout layouts/application.html.erb
  Rendering links/index.html.erb within layouts/application
  Rendered links/index.html.erb within layouts/application (Duration: 2.6ms | Allocations: 170)
  Rendered layout layouts/application.html.erb (Duration: 61.2ms | Allocations: 14875)
Completed 200 OK in 80ms (Views: 73.0ms | Allocations: 16160)


Started GET "/" for 127.0.0.1 at 2023-07-12 21:32:43 +0300
Processing by LinksController#index as HTML
  Rendering layout layouts/application.html.erb
  Rendering links/index.html.erb within layouts/application
  Rendered links/index.html.erb within layouts/application (Duration: 0.1ms | Allocations: 12)
  Rendered layout layouts/application.html.erb (Duration: 35.5ms | Allocations: 14466)
Completed 200 OK in 39ms (Views: 37.4ms | Allocations: 15338)


Started GET "/" for 127.0.0.1 at 2023-07-12 21:33:24 +0300
Processing by LinksController#index as HTML
  Rendering layout layouts/application.html.erb
  Rendering links/index.html.erb within layouts/application
  Rendered links/index.html.erb within layouts/application (Duration: 0.0ms | Allocations: 7)
  Rendered layout layouts/application.html.erb (Duration: 10.5ms | Allocations: 2454)
Completed 200 OK in 14ms (Views: 11.9ms | Allocations: 2799)


Started GET "/" for 127.0.0.1 at 2023-07-12 21:34:47 +0300
Processing by LinksController#index as HTML
  Rendering layout layouts/application.html.erb
  Rendering links/index.html.erb within layouts/application
  Rendered links/index.html.erb within layouts/application (Duration: 0.0ms | Allocations: 12)
  Rendered layout layouts/application.html.erb (Duration: 38.5ms | Allocations: 14394)
Completed 200 OK in 43ms (Views: 40.6ms | Allocations: 15265)


Started GET "/" for 127.0.0.1 at 2023-07-12 21:35:10 +0300
Processing by LinksController#index as HTML
  Rendering layout layouts/application.html.erb
  Rendering links/index.html.erb within layouts/application
  Rendered links/index.html.erb within layouts/application (Duration: 2.1ms | Allocations: 493)
  Rendered layout layouts/application.html.erb (Duration: 121.9ms | Allocations: 37571)
Completed 200 OK in 159ms (Views: 133.1ms | ActiveRecord: 0.0ms | Allocations: 44896)


Started GET "/" for 127.0.0.1 at 2023-07-12 21:36:25 +0300
Processing by LinksController#index as HTML
  Rendering layout layouts/application.html.erb
  Rendering links/index.html.erb within layouts/application
  Rendered links/index.html.erb within layouts/application (Duration: 0.0ms | Allocations: 12)
  Rendered layout layouts/application.html.erb (Duration: 26.1ms | Allocations: 14467)
Completed 200 OK in 30ms (Views: 27.7ms | Allocations: 15342)


Started GET "/" for 127.0.0.1 at 2023-07-12 21:36:26 +0300
Processing by LinksController#index as HTML
  Rendering layout layouts/application.html.erb
  Rendering links/index.html.erb within layouts/application
  Rendered links/index.html.erb within layouts/application (Duration: 0.3ms | Allocations: 7)
  Rendered layout layouts/application.html.erb (Duration: 8.6ms | Allocations: 2454)
Completed 200 OK in 14ms (Views: 11.4ms | Allocations: 2805)


Started GET "/" for 127.0.0.1 at 2023-07-12 21:36:27 +0300
Processing by LinksController#index as HTML
  Rendering layout layouts/application.html.erb
  Rendering links/index.html.erb within layouts/application
  Rendered links/index.html.erb within layouts/application (Duration: 0.0ms | Allocations: 7)
  Rendered layout layouts/application.html.erb (Duration: 9.3ms | Allocations: 2451)
Completed 200 OK in 13ms (Views: 10.8ms | Allocations: 2785)


Started GET "/" for 127.0.0.1 at 2023-07-12 21:36:30 +0300
Processing by LinksController#index as HTML
  Rendering layout layouts/application.html.erb
  Rendering links/index.html.erb within layouts/application
  Rendered links/index.html.erb within layouts/application (Duration: 0.0ms | Allocations: 7)
  Rendered layout layouts/application.html.erb (Duration: 9.4ms | Allocations: 2457)
Completed 200 OK in 12ms (Views: 10.8ms | Allocations: 2787)


Started GET "/" for 127.0.0.1 at 2023-07-12 21:37:06 +0300
Processing by LinksController#index as HTML
  Rendering layout layouts/application.html.erb
  Rendering links/index.html.erb within layouts/application
  Rendered links/index.html.erb within layouts/application (Duration: 0.1ms | Allocations: 15)
  Rendered layout layouts/application.html.erb (Duration: 27.7ms | Allocations: 14427)
Completed 200 OK in 32ms (Views: 29.7ms | Allocations: 15308)


Started GET "/" for 127.0.0.1 at 2023-07-12 21:37:24 +0300
Processing by LinksController#index as HTML
  Rendering layout layouts/application.html.erb
  Rendering links/index.html.erb within layouts/application
  Rendered links/index.html.erb within layouts/application (Duration: 0.1ms | Allocations: 14)
  Rendered layout layouts/application.html.erb (Duration: 27.8ms | Allocations: 14390)
Completed 200 OK in 33ms (Views: 30.2ms | Allocations: 15271)


Started GET "/" for 127.0.0.1 at 2023-07-12 21:37:34 +0300
Processing by LinksController#index as HTML
  Rendering layout layouts/application.html.erb
  Rendering links/index.html.erb within layouts/application
  Rendered links/index.html.erb within layouts/application (Duration: 0.0ms | Allocations: 14)
  Rendered layout layouts/application.html.erb (Duration: 24.4ms | Allocations: 14392)
Completed 200 OK in 28ms (Views: 26.4ms | Allocations: 15268)


Started GET "/" for 127.0.0.1 at 2023-07-12 21:38:36 +0300
Processing by LinksController#index as HTML
Completed 500 Internal Server Error in 6ms (Allocations: 3030)


  
NameError (undefined local variable or method `base_url' for #<LinksController:0x0000000001d150>):
  
app/controllers/links_controller.rb:7:in `index'
Started GET "/" for 127.0.0.1 at 2023-07-12 21:39:09 +0300
Processing by LinksController#index as HTML
  Rendering layout layouts/application.html.erb
  Rendering links/index.html.erb within layouts/application
  Rendered links/index.html.erb within layouts/application (Duration: 0.8ms | Allocations: 182)
  Rendered layout layouts/application.html.erb (Duration: 27.1ms | Allocations: 14877)
Completed 200 OK in 37ms (Views: 34.4ms | Allocations: 16165)


Started GET "/" for 127.0.0.1 at 2023-07-12 21:39:58 +0300
Processing by LinksController#index as HTML
  Rendering layout layouts/application.html.erb
  Rendering links/index.html.erb within layouts/application
  Rendered links/index.html.erb within layouts/application (Duration: 1.1ms | Allocations: 182)
  Rendered layout layouts/application.html.erb (Duration: 9.3ms | Allocations: 3137)
Completed 200 OK in 20ms (Views: 16.8ms | Allocations: 4365)


Started GET "/" for 127.0.0.1 at 2023-07-12 21:44:50 +0300
Processing by LinksController#index as HTML
  Rendering layout layouts/application.html.erb
  Rendering links/index.html.erb within layouts/application
  Rendered links/index.html.erb within layouts/application (Duration: 0.9ms | Allocations: 195)
  Rendered layout layouts/application.html.erb (Duration: 18.0ms | Allocations: 3144)
Completed 200 OK in 28ms (Views: 25.3ms | Allocations: 4373)


Started GET "/" for 127.0.0.1 at 2023-07-12 21:50:16 +0300
Processing by LinksController#index as HTML
  Rendering layout layouts/application.html.erb
  Rendering links/index.html.erb within layouts/application
  Rendered links/index.html.erb within layouts/application (Duration: 1.0ms | Allocations: 236)
  Rendered layout layouts/application.html.erb (Duration: 11.8ms | Allocations: 3187)
Completed 200 OK in 22ms (Views: 18.7ms | Allocations: 4417)


Started GET "/" for 127.0.0.1 at 2023-07-12 22:02:07 +0300
Processing by LinksController#index as HTML
  Rendering layout layouts/application.html.erb
  Rendering links/index.html.erb within layouts/application
  Rendered links/index.html.erb within layouts/application (Duration: 1.8ms | Allocations: 1211)
  Rendered layout layouts/application.html.erb (Duration: 3.3ms | Allocations: 1289)
Completed 500 Internal Server Error in 12ms (Allocations: 2492)


  
ActionView::Template::Error (no implicit conversion of String into Integer):
     7: 
     8: 
     9: <% links_array = []  
    10:    links_array["link_old"] = url
    11:    links_array["link_new"] = merge
    12: %>
  
app/views/links/index.html.erb:10:in `[]='
app/views/links/index.html.erb:10
Started GET "/" for 127.0.0.1 at 2023-07-12 22:03:28 +0300
Processing by LinksController#index as HTML
  Rendering layout layouts/application.html.erb
  Rendering links/index.html.erb within layouts/application
  Rendered links/index.html.erb within layouts/application (Duration: 1.1ms | Allocations: 271)
  Rendered layout layouts/application.html.erb (Duration: 11.5ms | Allocations: 3237)
Completed 200 OK in 20ms (Views: 17.0ms | Allocations: 4467)


Started GET "/" for 127.0.0.1 at 2023-07-12 22:04:55 +0300
Processing by LinksController#index as HTML
  Rendering layout layouts/application.html.erb
  Rendering links/index.html.erb within layouts/application
  Rendered links/index.html.erb within layouts/application (Duration: 2.2ms | Allocations: 309)
  Rendered layout layouts/application.html.erb (Duration: 12.9ms | Allocations: 3258)
Completed 200 OK in 21ms (Views: 17.8ms | Allocations: 4487)


Started GET "/" for 127.0.0.1 at 2023-07-12 22:05:32 +0300
Processing by LinksController#index as HTML
  Rendering layout layouts/application.html.erb
  Rendering links/index.html.erb within layouts/application
  Rendered links/index.html.erb within layouts/application (Duration: 1.0ms | Allocations: 343)
  Rendered layout layouts/application.html.erb (Duration: 11.3ms | Allocations: 3311)
Completed 200 OK in 19ms (Views: 16.4ms | Allocations: 4553)


Started GET "/" for 127.0.0.1 at 2023-07-12 22:05:50 +0300
Processing by LinksController#index as HTML
  Rendering layout layouts/application.html.erb
  Rendering links/index.html.erb within layouts/application
  Rendered links/index.html.erb within layouts/application (Duration: 0.8ms | Allocations: 341)
  Rendered layout layouts/application.html.erb (Duration: 9.3ms | Allocations: 3292)
Completed 200 OK in 20ms (Views: 16.2ms | Allocations: 4521)


Started GET "/" for 127.0.0.1 at 2023-07-12 22:05:51 +0300
Processing by LinksController#index as HTML
  Rendering layout layouts/application.html.erb
  Rendering links/index.html.erb within layouts/application
  Rendered links/index.html.erb within layouts/application (Duration: 0.1ms | Allocations: 21)
  Rendered layout layouts/application.html.erb (Duration: 7.5ms | Allocations: 2466)
Completed 200 OK in 11ms (Views: 8.7ms | Allocations: 2832)


Started GET "/" for 127.0.0.1 at 2023-07-12 22:05:51 +0300
Processing by LinksController#index as HTML
  Rendering layout layouts/application.html.erb
  Rendering links/index.html.erb within layouts/application
  Rendered links/index.html.erb within layouts/application (Duration: 0.1ms | Allocations: 21)
  Rendered layout layouts/application.html.erb (Duration: 9.9ms | Allocations: 2472)
Completed 200 OK in 13ms (Views: 11.1ms | Allocations: 2822)


